<?xml version="1.0" encoding="UTF-8"?>
<testsuite xmlns:xsi="http://www.w3.org/2001/XMLSchema-instance" xsi:noNamespaceSchemaLocation="https://maven.apache.org/surefire/maven-surefire-plugin/xsd/surefire-test-report-3.0.xsd" version="3.0" name="com.luv2code.junitdemo.DemoUtilsTest" time="4.13" tests="9" errors="0" skipped="0" failures="1">
  <properties>
[...]
</properties>
  <testcase name="test assertArrayEquals() deep equals" classname="com.luv2code.junitdemo.DemoUtilsTest" time="0.044"/>
  <testcase name="test assertIterableEquals() deep equals" classname="com.luv2code.junitdemo.DemoUtilsTest" time="0.004"/>
  <testcase name="test assertIterableEquals() deep equals" classname="com.luv2code.junitdemo.DemoUtilsTest" time="0.001"/>
  <testcase name="testAssertThrows" classname="com.luv2code.junitdemo.DemoUtilsTest" time="0.004"/>
  <testcase name="testEqualsAndNotEquals" classname="com.luv2code.junitdemo.DemoUtilsTest" time="0.009">
    <failure type="org.opentest4j.AssertionFailedError"><![CDATA[org.opentest4j.AssertionFailedError: 2 + 4 should equals 6 ==> expected: <6> but was: <10>
	at com.luv2code.junitdemo.DemoUtilsTest.testEqualsAndNotEquals(DemoUtilsTest.java:23)
]]></failure>
  </testcase>
  <testcase name="testNullAndNotNull" classname="com.luv2code.junitdemo.DemoUtilsTest" time="0.001"/>
  <testcase name="testSameAndNotSame" classname="com.luv2code.junitdemo.DemoUtilsTest" time="0.001"/>
  <testcase name="testTimeout" classname="com.luv2code.junitdemo.DemoUtilsTest" time="2.008">
    <system-out><![CDATA[I am going to sleep
Sleeping over
]]></system-out>
  </testcase>
  <testcase name="testTimeoutPreemptively" classname="com.luv2code.junitdemo.DemoUtilsTest" time="2.022">
    <system-out><![CDATA[I am going to sleep
Sleeping over
]]></system-out>
  </testcase>
</testsuite>